{"level":"info","message":"run static import","extra":{"packageName":"@nocobase/plugin-multi-app-manager"},"meta":{"packageName":"@nocobase/plugin-multi-app-manager"},"module":"cli","submodule":"","method":"","app":"main","dataSourceKey":"main","timestamp":"2026-05-14 18:58:01"}
{"level":"info","message":"App supervisor initialized","extra":{"discoveryAdapter":"legacy","processAdapter":"legacy","commandAdapter":""},"meta":{"discoveryAdapter":"legacy","processAdapter":"legacy","commandAdapter":""},"module":"app-supervisor","submodule":"","method":"","app":"main","dataSourceKey":"main","timestamp":"2026-05-14 18:58:01"}
{"level":"warn","message":"attempt 1/10: Unable to connect to the database: connect ECONNREFUSED 172.18.0.2:5432","extra":{"method":"auth"},"meta":{},"module":"database","submodule":"","method":"auth","app":"main","reqId":"75108d22-6daa-43bf-b329-10f8780a875d","dataSourceKey":"main","timestamp":"2026-05-14 18:58:01"}
{"level":"warn","message":"will retry in 1000ms...","extra":{"method":"auth"},"meta":{},"module":"database","submodule":"","method":"auth","app":"main","reqId":"75108d22-6daa-43bf-b329-10f8780a875d","dataSourceKey":"main","timestamp":"2026-05-14 18:58:01"}
{"level":"warn","message":"attempt 2/10: Unable to connect to the database: connect ECONNREFUSED 172.18.0.2:5432","extra":{"method":"auth"},"meta":{},"module":"database","submodule":"","method":"auth","app":"main","reqId":"75108d22-6daa-43bf-b329-10f8780a875d","dataSourceKey":"main","timestamp":"2026-05-14 18:58:02"}
{"level":"warn","message":"will retry in 2000ms...","extra":{"method":"auth"},"meta":{},"module":"database","submodule":"","method":"auth","app":"main","reqId":"75108d22-6daa-43bf-b329-10f8780a875d","dataSourceKey":"main","timestamp":"2026-05-14 18:58:02"}
{"level":"warn","message":"attempt 3/10: Unable to connect to the database: connect ECONNREFUSED 172.18.0.2:5432","extra":{"method":"auth"},"meta":{},"module":"database","submodule":"","method":"auth","app":"main","reqId":"75108d22-6daa-43bf-b329-10f8780a875d","dataSourceKey":"main","timestamp":"2026-05-14 18:58:04"}
{"level":"warn","message":"will retry in 4000ms...","extra":{"method":"auth"},"meta":{},"module":"database","submodule":"","method":"auth","app":"main","reqId":"75108d22-6daa-43bf-b329-10f8780a875d","dataSourceKey":"main","timestamp":"2026-05-14 18:58:04"}
{"level":"warn","message":"attempt 4/10: Unable to connect to the database: connect ECONNREFUSED 172.18.0.2:5432","extra":{"method":"auth"},"meta":{},"module":"database","submodule":"","method":"auth","app":"main","reqId":"75108d22-6daa-43bf-b329-10f8780a875d","dataSourceKey":"main","timestamp":"2026-05-14 18:58:07"}
{"level":"warn","message":"will retry in 8000ms...","extra":{"method":"auth"},"meta":{},"module":"database","submodule":"","method":"auth","app":"main","reqId":"75108d22-6daa-43bf-b329-10f8780a875d","dataSourceKey":"main","timestamp":"2026-05-14 18:58:07"}
{"level":"info","message":"connection has been established successfully.","extra":{"method":"auth"},"meta":{},"module":"database","submodule":"","method":"auth","app":"main","reqId":"75108d22-6daa-43bf-b329-10f8780a875d","dataSourceKey":"main","timestamp":"2026-05-14 18:58:15"}
{"level":"info","message":"[queue] gracefully shutting down...","extra":{},"meta":{},"module":"application","submodule":"","method":"","app":"main","reqId":"75108d22-6daa-43bf-b329-10f8780a875d","dataSourceKey":"main","timestamp":"2026-05-14 18:58:15"}
2026-05-14 18:58:16 [info] Generating InstanceID... 
2026-05-14 18:58:16 [info] InstanceID saved to /app/nocobase/storage/.license/instance-id 
2026-05-14 18:58:17 [info] License key not found 
{"level":"info","message":"run static import","extra":{"packageName":"@nocobase/plugin-multi-app-manager"},"meta":{"packageName":"@nocobase/plugin-multi-app-manager"},"module":"cli","submodule":"","method":"","app":"main","dataSourceKey":"main","timestamp":"2026-05-14 18:58:20"}
{"level":"info","message":"App supervisor initialized","extra":{"discoveryAdapter":"legacy","processAdapter":"legacy","commandAdapter":""},"meta":{"discoveryAdapter":"legacy","processAdapter":"legacy","commandAdapter":""},"module":"app-supervisor","submodule":"","method":"","app":"main","dataSourceKey":"main","timestamp":"2026-05-14 18:58:20"}
{"level":"info","message":"connection has been established successfully.","extra":{"method":"auth"},"meta":{},"module":"database","submodule":"","method":"auth","app":"main","reqId":"117f4d29-b739-4e6d-af05-de293022e13e","dataSourceKey":"main","timestamp":"2026-05-14 18:58:20"}
{"level":"info","message":"Docs index generated for module \"runjs\"","extra":{},"meta":{},"module":"application","submodule":"","method":"","app":"main","reqId":"117f4d29-b739-4e6d-af05-de293022e13e","dataSourceKey":"main","timestamp":"2026-05-14 18:58:26"}
{"level":"info","message":"allocate worker id: 20","extra":{"method":"load"},"meta":{},"module":"application","submodule":"","method":"load","app":"main","reqId":"117f4d29-b739-4e6d-af05-de293022e13e","dataSourceKey":"main","timestamp":"2026-05-14 18:58:27"}
{"level":"info","message":"start install built-in plugins","extra":{},"meta":{},"module":"nocobase","submodule":"","method":"","app":"main","reqId":"117f4d29-b739-4e6d-af05-de293022e13e","dataSourceKey":"main","timestamp":"2026-05-14 18:58:27"}
{"level":"warn","message":"tools [common] register ignored: ToolsOptions not export as default at /app/nocobase/node_modules/@nocobase/plugin-data-source-manager/dist/ai/tools/data-query/common.js","extra":{},"meta":{},"module":"data-source-manager","submodule":"","method":"","app":"main","reqId":"117f4d29-b739-4e6d-af05-de293022e13e","dataSourceKey":"main","timestamp":"2026-05-14 18:58:27"}
{"level":"warn","message":"tools [utils] register ignored: ToolsOptions not export as default at /app/nocobase/node_modules/@nocobase/plugin-data-source-manager/dist/ai/tools/data-query/utils.js","extra":{},"meta":{},"module":"data-source-manager","submodule":"","method":"","app":"main","reqId":"117f4d29-b739-4e6d-af05-de293022e13e","dataSourceKey":"main","timestamp":"2026-05-14 18:58:27"}
{"level":"warn","message":"[PubSubManager] adapter is not exist or not connected, cannot publish message to channel main.sync.file-manager","extra":{},"meta":{},"module":"application","submodule":"","method":"","app":"main","reqId":"117f4d29-b739-4e6d-af05-de293022e13e","dataSourceKey":"main","timestamp":"2026-05-14 18:58:33"}
{"level":"warn","message":"[PubSubManager] adapter is not exist or not connected, cannot publish message to channel main.sync.data-source-manager","extra":{},"meta":{},"module":"application","submodule":"","method":"","app":"main","reqId":"117f4d29-b739-4e6d-af05-de293022e13e","dataSourceKey":"main","timestamp":"2026-05-14 18:58:33"}
{"level":"warn","message":"[PubSubManager] adapter is not exist or not connected, cannot publish message to channel main.sync.acl","extra":{},"meta":{},"module":"application","submodule":"","method":"","app":"main","reqId":"117f4d29-b739-4e6d-af05-de293022e13e","dataSourceKey":"main","timestamp":"2026-05-14 18:58:33"}
{"level":"warn","message":"[PubSubManager] adapter is not exist or not connected, cannot publish message to channel main.sync.data-source-manager","extra":{},"meta":{},"module":"application","submodule":"","method":"","app":"main","reqId":"117f4d29-b739-4e6d-af05-de293022e13e","dataSourceKey":"main","timestamp":"2026-05-14 18:58:33"}
{"level":"warn","message":"[PubSubManager] adapter is not exist or not connected, cannot publish message to channel main.sync.acl","extra":{},"meta":{},"module":"application","submodule":"","method":"","app":"main","reqId":"117f4d29-b739-4e6d-af05-de293022e13e","dataSourceKey":"main","timestamp":"2026-05-14 18:58:33"}
{"level":"warn","message":"[PubSubManager] adapter is not exist or not connected, cannot publish message to channel main.sync.data-source-manager","extra":{},"meta":{},"module":"application","submodule":"","method":"","app":"main","reqId":"117f4d29-b739-4e6d-af05-de293022e13e","dataSourceKey":"main","timestamp":"2026-05-14 18:58:33"}
{"level":"warn","message":"[PubSubManager] adapter is not exist or not connected, cannot publish message to channel main.sync.acl","extra":{},"meta":{},"module":"application","submodule":"","method":"","app":"main","reqId":"117f4d29-b739-4e6d-af05-de293022e13e","dataSourceKey":"main","timestamp":"2026-05-14 18:58:33"}
{"level":"info","message":"setup built-in employees","extra":{},"meta":{},"module":"ai","submodule":"","method":"","app":"main","reqId":"117f4d29-b739-4e6d-af05-de293022e13e","dataSourceKey":"main","timestamp":"2026-05-14 18:58:34"}
{"level":"info","message":"setup [orin] AI employee for data modeling","extra":{},"meta":{},"module":"ai","submodule":"","method":"","app":"main","reqId":"117f4d29-b739-4e6d-af05-de293022e13e","dataSourceKey":"main","timestamp":"2026-05-14 18:58:34"}
{"level":"info","message":"setup [nathan] AI employee for coding","extra":{},"meta":{},"module":"ai","submodule":"","method":"","app":"main","reqId":"117f4d29-b739-4e6d-af05-de293022e13e","dataSourceKey":"main","timestamp":"2026-05-14 18:58:34"}
{"level":"info","message":"setup [dex] AI employee for extract and structure data from text, and can fill forms automatically.","extra":{},"meta":{},"module":"ai","submodule":"","method":"","app":"main","reqId":"117f4d29-b739-4e6d-af05-de293022e13e","dataSourceKey":"main","timestamp":"2026-05-14 18:58:34"}
{"level":"info","message":"setup [viz] Insights analyst","extra":{},"meta":{},"module":"ai","submodule":"","method":"","app":"main","reqId":"117f4d29-b739-4e6d-af05-de293022e13e","dataSourceKey":"main","timestamp":"2026-05-14 18:58:34"}
{"level":"info","message":"setup [vera] Research analyst","extra":{},"meta":{},"module":"ai","submodule":"","method":"","app":"main","reqId":"117f4d29-b739-4e6d-af05-de293022e13e","dataSourceKey":"main","timestamp":"2026-05-14 18:58:34"}
{"level":"info","message":"setup [lexi] Translator","extra":{},"meta":{},"module":"ai","submodule":"","method":"","app":"main","reqId":"117f4d29-b739-4e6d-af05-de293022e13e","dataSourceKey":"main","timestamp":"2026-05-14 18:58:34"}
{"level":"info","message":"setup [ellis] Email expert","extra":{},"meta":{},"module":"ai","submodule":"","method":"","app":"main","reqId":"117f4d29-b739-4e6d-af05-de293022e13e","dataSourceKey":"main","timestamp":"2026-05-14 18:58:34"}
{"level":"info","message":"setup [dara] Data visualization specialist","extra":{},"meta":{},"module":"ai","submodule":"","method":"","app":"main","reqId":"117f4d29-b739-4e6d-af05-de293022e13e","dataSourceKey":"main","timestamp":"2026-05-14 18:58:34"}
{"level":"info","message":"finish install built-in plugins","extra":{},"meta":{},"module":"nocobase","submodule":"","method":"","app":"main","reqId":"117f4d29-b739-4e6d-af05-de293022e13e","dataSourceKey":"main","timestamp":"2026-05-14 18:58:34"}
{"level":"warn","message":"[PubSubManager] adapter is not exist or not connected, cannot publish message to channel main.sync.data-source-manager","extra":{},"meta":{},"module":"application","submodule":"","method":"","app":"main","reqId":"117f4d29-b739-4e6d-af05-de293022e13e","dataSourceKey":"main","timestamp":"2026-05-14 18:58:34"}
{"level":"warn","message":"[PubSubManager] adapter is not exist or not connected, cannot publish message to channel main.sync.acl","extra":{},"meta":{},"module":"application","submodule":"","method":"","app":"main","reqId":"117f4d29-b739-4e6d-af05-de293022e13e","dataSourceKey":"main","timestamp":"2026-05-14 18:58:34"}
{"level":"warn","message":"[PubSubManager] adapter is not exist or not connected, cannot publish message to channel main.sync.data-source-manager","extra":{},"meta":{},"module":"application","submodule":"","method":"","app":"main","reqId":"117f4d29-b739-4e6d-af05-de293022e13e","dataSourceKey":"main","timestamp":"2026-05-14 18:58:34"}
{"level":"warn","message":"[PubSubManager] adapter is not exist or not connected, cannot publish message to channel main.sync.acl","extra":{},"meta":{},"module":"application","submodule":"","method":"","app":"main","reqId":"117f4d29-b739-4e6d-af05-de293022e13e","dataSourceKey":"main","timestamp":"2026-05-14 18:58:34"}
{"level":"info","message":"restarting...","extra":{},"meta":{},"module":"application","submodule":"","method":"","app":"main","reqId":"117f4d29-b739-4e6d-af05-de293022e13e","dataSourceKey":"main","timestamp":"2026-05-14 18:58:34"}
{"level":"info","message":"stopping workflow plugin before app (main) shutdown...","extra":{},"meta":{},"module":"application","submodule":"","method":"","app":"main","reqId":"117f4d29-b739-4e6d-af05-de293022e13e","dataSourceKey":"main","timestamp":"2026-05-14 18:58:34"}
{"level":"info","message":"app.reload()","extra":{"method":"load"},"meta":{},"module":"application","submodule":"","method":"load","app":"main","reqId":"117f4d29-b739-4e6d-af05-de293022e13e","dataSourceKey":"main","timestamp":"2026-05-14 18:58:34"}
{"level":"info","message":"allocate worker id: 3","extra":{"method":"load"},"meta":{},"module":"application","submodule":"","method":"load","app":"main","reqId":"117f4d29-b739-4e6d-af05-de293022e13e","dataSourceKey":"main","timestamp":"2026-05-14 18:58:34"}
{"level":"warn","message":"AsyncTaskManager already exists, skipping initialization.","extra":{},"meta":{},"module":"application","submodule":"","method":"","app":"main","reqId":"117f4d29-b739-4e6d-af05-de293022e13e","dataSourceKey":"main","timestamp":"2026-05-14 18:58:34"}
{"level":"warn","message":"tools [common] register ignored: ToolsOptions not export as default at /app/nocobase/node_modules/@nocobase/plugin-data-source-manager/dist/ai/tools/data-query/common.js","extra":{},"meta":{},"module":"data-source-manager","submodule":"","method":"","app":"main","reqId":"117f4d29-b739-4e6d-af05-de293022e13e","dataSourceKey":"main","timestamp":"2026-05-14 18:58:35"}
{"level":"warn","message":"tools [utils] register ignored: ToolsOptions not export as default at /app/nocobase/node_modules/@nocobase/plugin-data-source-manager/dist/ai/tools/data-query/utils.js","extra":{},"meta":{},"module":"data-source-manager","submodule":"","method":"","app":"main","reqId":"117f4d29-b739-4e6d-af05-de293022e13e","dataSourceKey":"main","timestamp":"2026-05-14 18:58:35"}
{"level":"info","message":"memory queue storage file not found, skip","extra":{},"meta":{},"module":"application","submodule":"","method":"","app":"main","reqId":"117f4d29-b739-4e6d-af05-de293022e13e","dataSourceKey":"main","timestamp":"2026-05-14 18:58:35"}
{"level":"info","message":"memory queue storage file not found, skip","extra":{},"meta":{},"module":"application","submodule":"","method":"","app":"main","reqId":"117f4d29-b739-4e6d-af05-de293022e13e","dataSourceKey":"main","timestamp":"2026-05-14 18:58:35"}
{"level":"info","message":"write roles to ACL","extra":{"method":"writeRolesToACL"},"meta":{},"module":"acl","submodule":"","method":"writeRolesToACL","app":"main","reqId":"117f4d29-b739-4e6d-af05-de293022e13e","dataSourceKey":"main","timestamp":"2026-05-14 18:58:35"}
{"level":"info","message":"app has been started","extra":{},"meta":{},"module":"application","submodule":"","method":"","app":"main","reqId":"117f4d29-b739-4e6d-af05-de293022e13e","dataSourceKey":"main","timestamp":"2026-05-14 18:58:35"}
{"level":"warn","message":"[Workflow pre-action]: collection \"app\" not found","extra":{},"meta":{},"module":"app","submodule":"getLang","method":"","app":"main","reqId":"6ab3230c-2878-4264-b046-2966583ebba8","dataSourceKey":"main","timestamp":"2026-05-14 19:11:48"}
{"level":"warn","message":"[Workflow pre-action]: collection \"pm\" not found","extra":{},"meta":{},"module":"pm","submodule":"listEnabled","method":"","app":"main","reqId":"27925357-a758-4e0d-8844-afd82d36582c","dataSourceKey":"main","timestamp":"2026-05-14 19:11:48"}
{"level":"warn","message":"[Workflow pre-action]: collection \"auth\" not found","extra":{},"meta":{},"module":"auth","submodule":"signIn","method":"","app":"main","reqId":"69fc05a1-df55-45f2-9339-83df9eed457a","dataSourceKey":"main","timestamp":"2026-05-14 19:12:14"}
{"level":"warn","message":"[Workflow pre-action]: collection \"auth\" not found","extra":{},"meta":{},"module":"auth","submodule":"check","method":"","app":"main","reqId":"9d33c777-2ca3-45ce-bb7d-ed48969dac66","dataSourceKey":"main","timestamp":"2026-05-14 19:12:14"}
{"level":"warn","message":"[Workflow pre-action]: collection \"myInAppMessages\" not found","extra":{},"meta":{},"module":"myInAppMessages","submodule":"count","method":"","app":"main","reqId":"526255f6-591f-4833-bd23-98a7f1c5871e","dataSourceKey":"main","timestamp":"2026-05-14 19:12:14"}
{"level":"warn","message":"[Workflow pre-action]: collection \"app\" not found","extra":{},"meta":{},"module":"app","submodule":"getInfo","method":"","app":"main","reqId":"4110d05d-3278-4c78-bebe-c42304f5ebc0","dataSourceKey":"main","timestamp":"2026-05-14 19:12:14"}
{"level":"warn","message":"[Workflow pre-action]: collection \"auth\" not found","extra":{},"meta":{},"module":"auth","submodule":"changePassword","method":"","app":"main","reqId":"4f74a9ce-192a-4113-9563-78e0a60e7ffa","dataSourceKey":"main","timestamp":"2026-05-14 19:13:40"}
{"level":"warn","message":"[Workflow pre-action]: collection \"auth\" not found","extra":{},"meta":{},"module":"auth","submodule":"signIn","method":"","app":"main","reqId":"120b4407-dddd-44d6-87c5-3e5271a7d215","dataSourceKey":"main","timestamp":"2026-05-14 19:14:13"}
{"level":"warn","message":"[Workflow pre-action]: collection \"auth\" not found","extra":{},"meta":{},"module":"auth","submodule":"check","method":"","app":"main","reqId":"bfbb1535-ee27-468b-88e9-feed24b29cfd","dataSourceKey":"main","timestamp":"2026-05-14 19:14:13"}
{"level":"warn","message":"[Workflow pre-action]: collection \"myInAppMessages\" not found","extra":{},"meta":{},"module":"myInAppMessages","submodule":"count","method":"","app":"main","reqId":"cff5c070-5020-4332-a107-f6f2e00cff4d","dataSourceKey":"main","timestamp":"2026-05-14 19:14:14"}
{"level":"warn","message":"[Workflow pre-action]: collection \"app\" not found","extra":{},"meta":{},"module":"app","submodule":"getInfo","method":"","app":"main","reqId":"3714c445-d182-49e9-b128-30295b820628","dataSourceKey":"main","timestamp":"2026-05-14 19:14:14"}
